c:\users\hangsun\source\repos\openglrasterization\openglrasterization\x64\debug\vc142.pdb
c:\users\hangsun\source\repos\openglrasterization\openglrasterization\x64\debug\vc142.idb
c:\users\hangsun\source\repos\openglrasterization\openglrasterization\x64\debug\vertexbuffer.obj
c:\users\hangsun\source\repos\openglrasterization\openglrasterization\x64\debug\renderer.obj
c:\users\hangsun\source\repos\openglrasterization\openglrasterization\x64\debug\main.obj
c:\users\hangsun\source\repos\openglrasterization\openglrasterization\x64\debug\indexbuffer.obj
c:\users\hangsun\source\repos\openglrasterization\openglrasterization\x64\debug\glad.obj
c:\users\hangsun\source\repos\openglrasterization\openglrasterization\x64\debug\vertexbufferlayout.obj
c:\users\hangsun\source\repos\openglrasterization\openglrasterization\x64\debug\vertexarray.obj
c:\users\hangsun\source\repos\openglrasterization\x64\debug\openglrasterization.exe
c:\users\hangsun\source\repos\openglrasterization\openglrasterization\x64\debug\openglrasterization.ilk
c:\users\hangsun\source\repos\openglrasterization\x64\debug\openglrasterization.pdb
c:\users\hangsun\source\repos\openglrasterization\openglrasterization\x64\debug\main.obj.enc
c:\users\hangsun\source\repos\openglrasterization\openglrasterization\x64\debug\openglra.2bd41374.tlog\cl.command.1.tlog
c:\users\hangsun\source\repos\openglrasterization\openglrasterization\x64\debug\openglra.2bd41374.tlog\cl.read.1.tlog
c:\users\hangsun\source\repos\openglrasterization\openglrasterization\x64\debug\openglra.2bd41374.tlog\cl.write.1.tlog
c:\users\hangsun\source\repos\openglrasterization\openglrasterization\x64\debug\openglra.2bd41374.tlog\link-cvtres.read.1.tlog
c:\users\hangsun\source\repos\openglrasterization\openglrasterization\x64\debug\openglra.2bd41374.tlog\link-cvtres.write.1.tlog
c:\users\hangsun\source\repos\openglrasterization\openglrasterization\x64\debug\openglra.2bd41374.tlog\link-rc.read.1.tlog
c:\users\hangsun\source\repos\openglrasterization\openglrasterization\x64\debug\openglra.2bd41374.tlog\link-rc.write.1.tlog
c:\users\hangsun\source\repos\openglrasterization\openglrasterization\x64\debug\openglra.2bd41374.tlog\link.68804.read.1.tlog
c:\users\hangsun\source\repos\openglrasterization\openglrasterization\x64\debug\openglra.2bd41374.tlog\link.68804.write.1.tlog
c:\users\hangsun\source\repos\openglrasterization\openglrasterization\x64\debug\openglra.2bd41374.tlog\link.command.1.tlog
c:\users\hangsun\source\repos\openglrasterization\openglrasterization\x64\debug\openglra.2bd41374.tlog\link.read.1.tlog
c:\users\hangsun\source\repos\openglrasterization\openglrasterization\x64\debug\openglra.2bd41374.tlog\link.write.1.tlog
